app/build/intermediates/manifest_merge_blame_file/release/manifest-merger-blame-release-report.txt
1<?xml version="1.0" encoding="utf-8"?>
2<manifest xmlns:android="http://schemas.android.com/apk/res/android"
3    package="com.example.myapplication"
4    android:versionCode="1"
5    android:versionName="1.0" >
6
7    <uses-sdk
8        android:minSdkVersion="23"
8-->src\main\AndroidManifest.xml
9        android:targetSdkVersion="30" />
9-->src\main\AndroidManifest.xml
10
11    <!-- Permissions -->
12    <uses-permission android:name="android.permission.CAMERA" />
12-->src\main\AndroidManifest.xml:6:5-64
12-->src\main\AndroidManifest.xml:6:22-62
13    <uses-permission android:name="android.permission.WRITE_EXTERNAL_STORAGE" />
13-->src\main\AndroidManifest.xml:7:5-80
13-->src\main\AndroidManifest.xml:7:22-78
14    <uses-permission android:name="android.permission.READ_EXTERNAL_STORAGE" />
14-->src\main\AndroidManifest.xml:8:5-79
14-->src\main\AndroidManifest.xml:8:22-77
15
16    <uses-feature android:name="android.hardware.camera" />
16-->src\main\AndroidManifest.xml:9:5-60
16-->src\main\AndroidManifest.xml:9:19-57
17
18    <application
18-->src\main\AndroidManifest.xml:11:5-39:19
19        android:allowBackup="true"
19-->src\main\AndroidManifest.xml:12:9-35
20        android:appComponentFactory="androidx.core.app.CoreComponentFactory"
20-->[androidx.core:core:1.3.0] AndroidManifest.xml:24:18-86
21        android:extractNativeLibs="false"
22        android:icon="@mipmap/ic_launcher"
22-->src\main\AndroidManifest.xml:13:9-43
23        android:label="@string/app_name"
23-->src\main\AndroidManifest.xml:14:9-41
24        android:roundIcon="@mipmap/ic_launcher_round"
24-->src\main\AndroidManifest.xml:15:9-54
25        android:supportsRtl="true"
25-->src\main\AndroidManifest.xml:16:9-35
26        android:theme="@style/AppTheme" >
26-->src\main\AndroidManifest.xml:17:9-40
27        <activity
27-->src\main\AndroidManifest.xml:18:9-27:20
28            android:name="com.example.myapplication.MainActivity"
28-->src\main\AndroidManifest.xml:19:13-41
29            android:label="@string/app_name"
29-->src\main\AndroidManifest.xml:20:13-45
30            android:theme="@style/AppTheme.NoActionBar" >
30-->src\main\AndroidManifest.xml:21:13-56
31            <intent-filter>
31-->src\main\AndroidManifest.xml:22:13-26:29
32                <action android:name="android.intent.action.MAIN" />
32-->src\main\AndroidManifest.xml:23:17-69
32-->src\main\AndroidManifest.xml:23:25-66
33
34                <category android:name="android.intent.category.LAUNCHER" />
34-->src\main\AndroidManifest.xml:25:17-77
34-->src\main\AndroidManifest.xml:25:27-74
35            </intent-filter>
36        </activity>
37
38        <provider
38-->src\main\AndroidManifest.xml:29:9-37:20
39            android:name="androidx.core.content.FileProvider"
39-->src\main\AndroidManifest.xml:30:13-62
40            android:authorities="com.example.android.fileprovider"
40-->src\main\AndroidManifest.xml:31:13-67
41            android:exported="false"
41-->src\main\AndroidManifest.xml:32:13-37
42            android:grantUriPermissions="true" >
42-->src\main\AndroidManifest.xml:33:13-47
43            <meta-data
43-->src\main\AndroidManifest.xml:34:13-36:64
44                android:name="android.support.FILE_PROVIDER_PATHS"
44-->src\main\AndroidManifest.xml:35:17-67
45                android:resource="@xml/file_paths" />
45-->src\main\AndroidManifest.xml:36:17-51
46        </provider>
47        <provider
47-->[androidx.lifecycle:lifecycle-process:2.1.0] AndroidManifest.xml:23:9-27:43
48            android:name="androidx.lifecycle.ProcessLifecycleOwnerInitializer"
48-->[androidx.lifecycle:lifecycle-process:2.1.0] AndroidManifest.xml:24:13-79
49            android:authorities="com.example.myapplication.lifecycle-process"
49-->[androidx.lifecycle:lifecycle-process:2.1.0] AndroidManifest.xml:25:13-69
50            android:exported="false"
50-->[androidx.lifecycle:lifecycle-process:2.1.0] AndroidManifest.xml:26:13-37
51            android:multiprocess="true" />
51-->[androidx.lifecycle:lifecycle-process:2.1.0] AndroidManifest.xml:27:13-40
52    </application>
53
54</manifest>